\BOOKMARK [0][-]{chapter.1}{Introduction}{}% 1
\BOOKMARK [1][-]{section.1.1}{Problem Statement}{chapter.1}% 2
\BOOKMARK [1][-]{section.1.2}{Scope of the Project}{chapter.1}% 3
\BOOKMARK [1][-]{section.1.3}{Current Scenario}{chapter.1}% 4
\BOOKMARK [1][-]{section.1.4}{Need for the Proposed System}{chapter.1}% 5
\BOOKMARK [1][-]{section.1.5}{Summary of the Results / Task completed }{chapter.1}% 6
\BOOKMARK [0][-]{chapter.2}{Review of Literature }{}% 7
\BOOKMARK [1][-]{section.2.1}{Summary of the investigation in the published papers}{chapter.2}% 8
\BOOKMARK [1][-]{section.2.2}{Comparison between the tools / methods / algorithms}{chapter.2}% 9
\BOOKMARK [1][-]{section.2.3}{Algorithms}{chapter.2}% 10
\BOOKMARK [0][-]{chapter.3}{Analysis and Design}{}% 11
\BOOKMARK [1][-]{section.3.1}{Methodology / Procedure adopted}{chapter.3}% 12
\BOOKMARK [1][-]{section.3.2}{Analysis}{chapter.3}% 13
\BOOKMARK [2][-]{subsection.3.2.1}{Software / System Requirement Specification - IEEE format}{section.3.2}% 14
\BOOKMARK [1][-]{section.3.3}{Proposed System}{chapter.3}% 15
\BOOKMARK [2][-]{subsection.3.3.1}{Hardware / Software requirements}{section.3.3}% 16
\BOOKMARK [2][-]{subsection.3.3.2}{Design Details}{section.3.3}% 17
\BOOKMARK [2][-]{subsection.3.3.3}{Implementation Plan}{section.3.3}% 18
\BOOKMARK [1][-]{section.3.4}{Proposed System}{chapter.3}% 19
\BOOKMARK [2][-]{subsection.3.4.1}{Hardware / Software requirements}{section.3.4}% 20
\BOOKMARK [2][-]{subsection.3.4.2}{Design Details}{section.3.4}% 21
\BOOKMARK [2][-]{subsection.3.4.3}{Implementation Plan}{section.3.4}% 22
\BOOKMARK [0][-]{chapter.4}{Results and Discussion }{}% 23
\BOOKMARK [1][-]{section.4.1}{Result of Comparison for various levels for Execution time}{chapter.4}% 24
\BOOKMARK [0][-]{chapter.5}{Conclusion }{}% 25
